<?xml version="1.0" encoding="UTF-8"?>
<testng-results ignored="0" total="1" passed="1" failed="0" skipped="0">
  <reporter-output>
  </reporter-output>
  <suite started-at="2024-01-17T09:24:05 IST" name="Default suite" finished-at="2024-01-17T09:24:07 IST" duration-ms="1234">
    <groups>
    </groups>
    <test started-at="2024-01-17T09:24:05 IST" name="Default test" finished-at="2024-01-17T09:24:07 IST" duration-ms="1234">
      <class name="com.test.Imaging_Quality.Datatest">
        <test-method signature="testDB()[pri:0, instance:com.test.Imaging_Quality.Datatest@793be5ca]" started-at="2024-01-17T09:24:05 IST" name="testDB" finished-at="2024-01-17T09:24:07 IST" duration-ms="1201" status="PASS">
          <reporter-output>
          </reporter-output>
        </test-method> <!-- testDB -->
      </class> <!-- com.test.Imaging_Quality.Datatest -->
    </test> <!-- Default test -->
  </suite> <!-- Default suite -->
</testng-results>
